[INFO] Scanning for projects...
[INFO] snapshot org.works:works-integration:1.0-SNAPSHOT: checking for updates from typesafe
[WARNING] repository metadata for: 'snapshot org.works:works-integration:1.0-SNAPSHOT' could not be retrieved from repository: typesafe due to an error: Error transferring file: repo.typesafe.com
[INFO] Repository 'typesafe' will be blacklisted
[INFO] snapshot org.works:works-integration:1.0-SNAPSHOT: checking for updates from activiti
[WARNING] *** CHECKSUM FAILED - Checksum failed on download: local = '0800b5cc4f2608ee4c0fda0e1d257f607da8a20c'; remote = '<!DOCTYPE' - RETRYING
[WARNING] *** CHECKSUM FAILED - Checksum failed on download: local = '0800b5cc4f2608ee4c0fda0e1d257f607da8a20c'; remote = '<!DOCTYPE' - IGNORING
[INFO] ------------------------------------------------------------------------
[ERROR] FATAL ERROR
[INFO] ------------------------------------------------------------------------
[INFO] Error building POM (may not be this project's POM).


Project ID: org.works:works-workflow:jar:1.0-SNAPSHOT

Reason: Cannot find parent: org.works:works-integration for project: org.works:works-workflow:jar:1.0-SNAPSHOT for project org.works:works-workflow:jar:1.0-SNAPSHOT


[INFO] ------------------------------------------------------------------------
[INFO] Trace
org.apache.maven.reactor.MavenExecutionException: Cannot find parent: org.works:works-integration for project: org.works:works-workflow:jar:1.0-SNAPSHOT for project org.works:works-workflow:jar:1.0-SNAPSHOT
	at org.apache.maven.DefaultMaven.getProjects(DefaultMaven.java:404)
	at org.apache.maven.DefaultMaven.doExecute(DefaultMaven.java:272)
	at org.apache.maven.DefaultMaven.execute(DefaultMaven.java:138)
	at org.apache.maven.cli.MavenCli.main(MavenCli.java:362)
	at org.apache.maven.cli.compat.CompatibleMain.main(CompatibleMain.java:60)
	at sun.reflect.NativeMethodAccessorImpl.invoke0(Native Method)
	at sun.reflect.NativeMethodAccessorImpl.invoke(NativeMethodAccessorImpl.java:39)
	at sun.reflect.DelegatingMethodAccessorImpl.invoke(DelegatingMethodAccessorImpl.java:25)
	at java.lang.reflect.Method.invoke(Method.java:597)
	at org.codehaus.classworlds.Launcher.launchEnhanced(Launcher.java:315)
	at org.codehaus.classworlds.Launcher.launch(Launcher.java:255)
	at org.codehaus.classworlds.Launcher.mainWithExitCode(Launcher.java:430)
	at org.codehaus.classworlds.Launcher.main(Launcher.java:375)
Caused by: org.apache.maven.project.ProjectBuildingException: Cannot find parent: org.works:works-integration for project: org.works:works-workflow:jar:1.0-SNAPSHOT for project org.works:works-workflow:jar:1.0-SNAPSHOT
	at org.apache.maven.project.DefaultMavenProjectBuilder.assembleLineage(DefaultMavenProjectBuilder.java:1396)
	at org.apache.maven.project.DefaultMavenProjectBuilder.buildInternal(DefaultMavenProjectBuilder.java:823)
	at org.apache.maven.project.DefaultMavenProjectBuilder.buildFromSourceFileInternal(DefaultMavenProjectBuilder.java:508)
	at org.apache.maven.project.DefaultMavenProjectBuilder.build(DefaultMavenProjectBuilder.java:200)
	at org.apache.maven.DefaultMaven.getProject(DefaultMaven.java:604)
	at org.apache.maven.DefaultMaven.collectProjects(DefaultMaven.java:487)
	at org.apache.maven.DefaultMaven.getProjects(DefaultMaven.java:391)
	... 12 more
Caused by: org.apache.maven.project.ProjectBuildingException: Error getting POM for 'org.works:works-integration' from the repository: Unable to read local copy of metadata: Cannot read metadata from 'E:\Repository\org\works\works-integration\1.0-SNAPSHOT\maven-metadata-activiti.xml': end tag name </body> must match start tag name <hr> from line 7 (position: TEXT seen ...</address>\n</body>... @9:8) 
  org.works:works-integration:pom:1.0-SNAPSHOT


 for project org.works:works-integration
	at org.apache.maven.project.DefaultMavenProjectBuilder.findModelFromRepository(DefaultMavenProjectBuilder.java:592)
	at org.apache.maven.project.DefaultMavenProjectBuilder.assembleLineage(DefaultMavenProjectBuilder.java:1392)
	... 18 more
Caused by: org.apache.maven.artifact.resolver.ArtifactResolutionException: Unable to read local copy of metadata: Cannot read metadata from 'E:\Repository\org\works\works-integration\1.0-SNAPSHOT\maven-metadata-activiti.xml': end tag name </body> must match start tag name <hr> from line 7 (position: TEXT seen ...</address>\n</body>... @9:8) 
  org.works:works-integration:pom:1.0-SNAPSHOT



	at org.apache.maven.artifact.transform.SnapshotTransformation.transformForResolve(SnapshotTransformation.java:68)
	at org.apache.maven.artifact.transform.DefaultArtifactTransformationManager.transformForResolve(DefaultArtifactTransformationManager.java:55)
	at org.apache.maven.artifact.resolver.DefaultArtifactResolver.resolve(DefaultArtifactResolver.java:145)
	at org.apache.maven.artifact.resolver.DefaultArtifactResolver.resolve(DefaultArtifactResolver.java:90)
	at org.apache.maven.project.DefaultMavenProjectBuilder.findModelFromRepository(DefaultMavenProjectBuilder.java:558)
	... 19 more
Caused by: org.apache.maven.artifact.repository.metadata.RepositoryMetadataResolutionException: Unable to read local copy of metadata: Cannot read metadata from 'E:\Repository\org\works\works-integration\1.0-SNAPSHOT\maven-metadata-activiti.xml': end tag name </body> must match start tag name <hr> from line 7 (position: TEXT seen ...</address>\n</body>... @9:8) 
	at org.apache.maven.artifact.repository.metadata.DefaultRepositoryMetadataManager.resolve(DefaultRepositoryMetadataManager.java:175)
	at org.apache.maven.artifact.transform.AbstractVersionTransformation.resolveVersion(AbstractVersionTransformation.java:65)
	at org.apache.maven.artifact.transform.SnapshotTransformation.transformForResolve(SnapshotTransformation.java:63)
	... 23 more
Caused by: org.apache.maven.artifact.repository.metadata.RepositoryMetadataReadException: Cannot read metadata from 'E:\Repository\org\works\works-integration\1.0-SNAPSHOT\maven-metadata-activiti.xml': end tag name </body> must match start tag name <hr> from line 7 (position: TEXT seen ...</address>\n</body>... @9:8) 
	at org.apache.maven.artifact.repository.metadata.DefaultRepositoryMetadataManager.readMetadata(DefaultRepositoryMetadataManager.java:323)
	at org.apache.maven.artifact.repository.metadata.DefaultRepositoryMetadataManager.loadMetadata(DefaultRepositoryMetadataManager.java:275)
	at org.apache.maven.artifact.repository.metadata.DefaultRepositoryMetadataManager.mergeMetadata(DefaultRepositoryMetadataManager.java:198)
	at org.apache.maven.artifact.repository.metadata.DefaultRepositoryMetadataManager.resolve(DefaultRepositoryMetadataManager.java:166)
	... 25 more
Caused by: org.codehaus.plexus.util.xml.pull.XmlPullParserException: end tag name </body> must match start tag name <hr> from line 7 (position: TEXT seen ...</address>\n</body>... @9:8) 
	at hidden.org.codehaus.plexus.util.xml.pull.MXParser.parseEndTag(MXParser.java:1698)
	at hidden.org.codehaus.plexus.util.xml.pull.MXParser.nextImpl(MXParser.java:1143)
	at hidden.org.codehaus.plexus.util.xml.pull.MXParser.next(MXParser.java:1105)
	at org.apache.maven.artifact.repository.metadata.io.xpp3.MetadataXpp3Reader.parseMetadata(MetadataXpp3Reader.java:501)
	at org.apache.maven.artifact.repository.metadata.io.xpp3.MetadataXpp3Reader.read(MetadataXpp3Reader.java:950)
	at org.apache.maven.artifact.repository.metadata.DefaultRepositoryMetadataManager.readMetadata(DefaultRepositoryMetadataManager.java:310)
	... 28 more
[INFO] ------------------------------------------------------------------------
[INFO] Total time: 4 seconds
[INFO] Finished at: Sat Jul 27 17:19:27 CST 2013
[INFO] Final Memory: 1M/59M
[INFO] ------------------------------------------------------------------------
